<component name="libraryTable">
  <library name="junit-jupiter-params-5.3.0-RC1">
    <CLASSES>
      <root url="jar://$PROJECT_DIR$/lib/junit-jupiter-params-5.3.0-RC1.jar!/" />
    </CLASSES>
    <JAVADOC />
    <SOURCES />
  </library>
</component>